2016-12-06serverID : androids5  in 3 sec 
serverID : androids6  in 4 sec 
serverID : androids7  in 6 sec 
serverID : androids8  in 7 sec 
serverID : androids9  in 8 sec 
serverID : androids10  in 10 sec 
serverID : androids11  in 11 sec 
serverID : androids12  in 13 sec 
serverID : androids13  in 14 sec 
serverID : androids14  in 15 sec 
serverID : androids15  in 17 sec 
serverID : androids16  in 18 sec 
serverID : androids17  in 19 sec 
serverID : androids18  in 21 sec 
serverID : androids19  in 22 sec 
serverID : androids20  in 23 sec 
serverID : androids21  in 24 sec 
serverID : androids22  in 26 sec 
serverID : androids23  in 30 sec 
serverID : androids24  in 31 sec 
('2016-12-06','UC',20,34,130,131,''),('2016-12-06','QIHOO360',11,12,13,13,''),('2016-12-06','XIAOMI',38,38,84,84,''),('2016-12-06','PEAPODS',1,1,1,1,''),('2016-12-06','GIONEE',5,5,6,6,''),('2016-12-06','BAIDU',1,1,2,2,''),('2016-12-06','HUAWEI',34,34,60,60,''),('2016-12-06','LENOVO',3,3,4,4,''),('2016-12-06','COOLPAD',3,3,3,3,''),('2016-12-06','MEIZU',6,6,14,14,''),('2016-12-06','VIVO',10,10,12,12,''),('2016-12-06','OPPO',18,18,22,23,''),('2016-12-06','TT',9,9,16,16,''),('2016-12-06','4399',10,10,15,15,''),('2016-12-06','DCN',5,5,10,10,''),('2016-12-06','QQ',5,5,7,7,''),('2016-12-06','HOLA',3,3,4,4,''),('2016-12-06','PYW',96,96,97,97,''),('2016-12-06','ANZHI',6,6,8,8,''),('2016-12-06','MZW',6,6,9,9,''),('2016-12-06','IQIYI',2,2,6,6,''),('2016-12-06','LETV',2,3,6,7,''),('2016-12-06','QQWX',4,4,7,7,''),('2016-12-06','XIAO7',12,12,28,28,''),('2016-12-06','AHAIMA',10,10,9,9,''),('2016-12-06','PP',3,3,3,3,''),('2016-12-06','XY',4,4,5,5,''),('2016-12-06','I4',2,2,2,2,''),('2016-12-06','TBT',0,0,0,0,''),('2016-12-06','KUAIYONG',0,0,0,0,''),('2016-12-06','HAIMA',6,6,8,8,'')
insert into fightwar_admin.base_data
	(`date`,`channal`,`register`,`register_repeat`,`dau`,`dau_repeat`,`hd_date`) values ('2016-12-06','UC',20,34,130,131,''),('2016-12-06','QIHOO360',11,12,13,13,''),('2016-12-06','XIAOMI',38,38,84,84,''),('2016-12-06','PEAPODS',1,1,1,1,''),('2016-12-06','GIONEE',5,5,6,6,''),('2016-12-06','BAIDU',1,1,2,2,''),('2016-12-06','HUAWEI',34,34,60,60,''),('2016-12-06','LENOVO',3,3,4,4,''),('2016-12-06','COOLPAD',3,3,3,3,''),('2016-12-06','MEIZU',6,6,14,14,''),('2016-12-06','VIVO',10,10,12,12,''),('2016-12-06','OPPO',18,18,22,23,''),('2016-12-06','TT',9,9,16,16,''),('2016-12-06','4399',10,10,15,15,''),('2016-12-06','DCN',5,5,10,10,''),('2016-12-06','QQ',5,5,7,7,''),('2016-12-06','HOLA',3,3,4,4,''),('2016-12-06','PYW',96,96,97,97,''),('2016-12-06','ANZHI',6,6,8,8,''),('2016-12-06','MZW',6,6,9,9,''),('2016-12-06','IQIYI',2,2,6,6,''),('2016-12-06','LETV',2,3,6,7,''),('2016-12-06','QQWX',4,4,7,7,''),('2016-12-06','XIAO7',12,12,28,28,''),('2016-12-06','AHAIMA',10,10,9,9,''),('2016-12-06','PP',3,3,3,3,''),('2016-12-06','XY',4,4,5,5,''),('2016-12-06','I4',2,2,2,2,''),('2016-12-06','TBT',0,0,0,0,''),('2016-12-06','KUAIYONG',0,0,0,0,''),('2016-12-06','HAIMA',6,6,8,8,'')

Notice: Undefined variable: insert_rows in D:\wamp\www\test\新建文件夹\register_data.php on line 322


 ####end####2016-12-06
serverID : androids5  in 2 sec 
serverID : androids6  in 4 sec 
serverID : androids7  in 6 sec 
serverID : androids8  in 7 sec 
serverID : androids9  in 8 sec 
serverID : androids10  in 10 sec 
serverID : androids11  in 11 sec 
serverID : androids12  in 13 sec 
serverID : androids13  in 14 sec 
serverID : androids14  in 15 sec 
serverID : androids15  in 17 sec 
serverID : androids16  in 18 sec 
serverID : androids17  in 19 sec 
serverID : androids18  in 21 sec 
serverID : androids19  in 22 sec 
serverID : androids20  in 23 sec 
serverID : androids21  in 24 sec 
serverID : androids22  in 26 sec 
serverID : androids23  in 30 sec 
serverID : androids24  in 31 sec 
('2016-12-06','UC',20,34,130,131,''),('2016-12-06','QIHOO360',11,12,13,13,''),('2016-12-06','XIAOMI',38,38,84,84,''),('2016-12-06','PEAPODS',1,1,1,1,''),('2016-12-06','GIONEE',5,5,6,6,''),('2016-12-06','BAIDU',1,1,2,2,''),('2016-12-06','HUAWEI',34,34,60,60,''),('2016-12-06','LENOVO',3,3,4,4,''),('2016-12-06','COOLPAD',3,3,3,3,''),('2016-12-06','MEIZU',6,6,14,14,''),('2016-12-06','VIVO',10,10,12,12,''),('2016-12-06','OPPO',18,18,22,23,''),('2016-12-06','TT',9,9,16,16,''),('2016-12-06','4399',10,10,15,15,''),('2016-12-06','DCN',5,5,10,10,''),('2016-12-06','QQ',5,5,7,7,''),('2016-12-06','HOLA',3,3,4,4,''),('2016-12-06','PYW',96,96,97,97,''),('2016-12-06','ANZHI',6,6,8,8,''),('2016-12-06','MZW',6,6,9,9,''),('2016-12-06','IQIYI',2,2,6,6,''),('2016-12-06','LETV',2,3,6,7,''),('2016-12-06','QQWX',4,4,7,7,''),('2016-12-06','XIAO7',12,12,28,28,''),('2016-12-06','AHAIMA',10,10,9,9,''),('2016-12-06','PP',3,3,3,3,''),('2016-12-06','XY',4,4,5,5,''),('2016-12-06','I4',2,2,2,2,''),('2016-12-06','TBT',0,0,0,0,''),('2016-12-06','KUAIYONG',0,0,0,0,''),('2016-12-06','HAIMA',6,6,8,8,'')
insert into fightwar_admin.base_data
	(`date`,`channal`,`register`,`register_repeat`,`dau`,`dau_repeat`,`hd_date`) values ('2016-12-06','UC',20,34,130,131,''),('2016-12-06','QIHOO360',11,12,13,13,''),('2016-12-06','XIAOMI',38,38,84,84,''),('2016-12-06','PEAPODS',1,1,1,1,''),('2016-12-06','GIONEE',5,5,6,6,''),('2016-12-06','BAIDU',1,1,2,2,''),('2016-12-06','HUAWEI',34,34,60,60,''),('2016-12-06','LENOVO',3,3,4,4,''),('2016-12-06','COOLPAD',3,3,3,3,''),('2016-12-06','MEIZU',6,6,14,14,''),('2016-12-06','VIVO',10,10,12,12,''),('2016-12-06','OPPO',18,18,22,23,''),('2016-12-06','TT',9,9,16,16,''),('2016-12-06','4399',10,10,15,15,''),('2016-12-06','DCN',5,5,10,10,''),('2016-12-06','QQ',5,5,7,7,''),('2016-12-06','HOLA',3,3,4,4,''),('2016-12-06','PYW',96,96,97,97,''),('2016-12-06','ANZHI',6,6,8,8,''),('2016-12-06','MZW',6,6,9,9,''),('2016-12-06','IQIYI',2,2,6,6,''),('2016-12-06','LETV',2,3,6,7,''),('2016-12-06','QQWX',4,4,7,7,''),('2016-12-06','XIAO7',12,12,28,28,''),('2016-12-06','AHAIMA',10,10,9,9,''),('2016-12-06','PP',3,3,3,3,''),('2016-12-06','XY',4,4,5,5,''),('2016-12-06','I4',2,2,2,2,''),('2016-12-06','TBT',0,0,0,0,''),('2016-12-06','KUAIYONG',0,0,0,0,''),('2016-12-06','HAIMA',6,6,8,8,'')
31

 ####end####2016-12-06
serverID : androids5  in 2 sec 
serverID : androids6  in 4 sec 
serverID : androids7  in 6 sec 
serverID : androids8  in 7 sec 
serverID : androids9  in 8 sec 
serverID : androids10  in 10 sec 
serverID : androids11  in 11 sec 
serverID : androids12  in 13 sec 
serverID : androids13  in 14 sec 
serverID : androids14  in 15 sec 
serverID : androids15  in 17 sec 
serverID : androids16  in 18 sec 
serverID : androids17  in 19 sec 
serverID : androids18  in 21 sec 
serverID : androids19  in 22 sec 
serverID : androids20  in 23 sec 
serverID : androids21  in 24 sec 
serverID : androids22  in 26 sec 
serverID : androids23  in 30 sec 
serverID : androids24  in 31 sec 
('2016-12-05 00:00:00','UC',20,34,130,131,''),('2016-12-05 00:00:00','QIHOO360',11,12,13,13,''),('2016-12-05 00:00:00','XIAOMI',38,38,84,84,''),('2016-12-05 00:00:00','PEAPODS',1,1,1,1,''),('2016-12-05 00:00:00','GIONEE',5,5,6,6,''),('2016-12-05 00:00:00','BAIDU',1,1,2,2,''),('2016-12-05 00:00:00','HUAWEI',34,34,60,60,''),('2016-12-05 00:00:00','LENOVO',3,3,4,4,''),('2016-12-05 00:00:00','COOLPAD',3,3,3,3,''),('2016-12-05 00:00:00','MEIZU',6,6,14,14,''),('2016-12-05 00:00:00','VIVO',10,10,12,12,''),('2016-12-05 00:00:00','OPPO',18,18,22,23,''),('2016-12-05 00:00:00','TT',9,9,16,16,''),('2016-12-05 00:00:00','4399',10,10,15,15,''),('2016-12-05 00:00:00','DCN',5,5,10,10,''),('2016-12-05 00:00:00','QQ',5,5,7,7,''),('2016-12-05 00:00:00','HOLA',3,3,4,4,''),('2016-12-05 00:00:00','PYW',96,96,97,97,''),('2016-12-05 00:00:00','ANZHI',6,6,8,8,''),('2016-12-05 00:00:00','MZW',6,6,9,9,''),('2016-12-05 00:00:00','IQIYI',2,2,6,6,''),('2016-12-05 00:00:00','LETV',2,3,6,7,''),('2016-12-05 00:00:00','QQWX',4,4,7,7,''),('2016-12-05 00:00:00','XIAO7',12,12,28,28,''),('2016-12-05 00:00:00','AHAIMA',10,10,9,9,''),('2016-12-05 00:00:00','PP',3,3,3,3,''),('2016-12-05 00:00:00','XY',4,4,5,5,''),('2016-12-05 00:00:00','I4',2,2,2,2,''),('2016-12-05 00:00:00','TBT',0,0,0,0,''),('2016-12-05 00:00:00','KUAIYONG',0,0,0,0,''),('2016-12-05 00:00:00','HAIMA',6,6,8,8,'')
insert into fightwar_admin.base_data
	(`date`,`channal`,`register`,`register_repeat`,`dau`,`dau_repeat`,`hd_date`) values ('2016-12-05 00:00:00','UC',20,34,130,131,''),('2016-12-05 00:00:00','QIHOO360',11,12,13,13,''),('2016-12-05 00:00:00','XIAOMI',38,38,84,84,''),('2016-12-05 00:00:00','PEAPODS',1,1,1,1,''),('2016-12-05 00:00:00','GIONEE',5,5,6,6,''),('2016-12-05 00:00:00','BAIDU',1,1,2,2,''),('2016-12-05 00:00:00','HUAWEI',34,34,60,60,''),('2016-12-05 00:00:00','LENOVO',3,3,4,4,''),('2016-12-05 00:00:00','COOLPAD',3,3,3,3,''),('2016-12-05 00:00:00','MEIZU',6,6,14,14,''),('2016-12-05 00:00:00','VIVO',10,10,12,12,''),('2016-12-05 00:00:00','OPPO',18,18,22,23,''),('2016-12-05 00:00:00','TT',9,9,16,16,''),('2016-12-05 00:00:00','4399',10,10,15,15,''),('2016-12-05 00:00:00','DCN',5,5,10,10,''),('2016-12-05 00:00:00','QQ',5,5,7,7,''),('2016-12-05 00:00:00','HOLA',3,3,4,4,''),('2016-12-05 00:00:00','PYW',96,96,97,97,''),('2016-12-05 00:00:00','ANZHI',6,6,8,8,''),('2016-12-05 00:00:00','MZW',6,6,9,9,''),('2016-12-05 00:00:00','IQIYI',2,2,6,6,''),('2016-12-05 00:00:00','LETV',2,3,6,7,''),('2016-12-05 00:00:00','QQWX',4,4,7,7,''),('2016-12-05 00:00:00','XIAO7',12,12,28,28,''),('2016-12-05 00:00:00','AHAIMA',10,10,9,9,''),('2016-12-05 00:00:00','PP',3,3,3,3,''),('2016-12-05 00:00:00','XY',4,4,5,5,''),('2016-12-05 00:00:00','I4',2,2,2,2,''),('2016-12-05 00:00:00','TBT',0,0,0,0,''),('2016-12-05 00:00:00','KUAIYONG',0,0,0,0,''),('2016-12-05 00:00:00','HAIMA',6,6,8,8,'')
31

 ####end####